{"/Users/niyomwungeri/MyApps/readIt/index.js": {"path":"/Users/niyomwungeri/MyApps/readIt/index.js","statementMap":{"0":{"start":{"line":10,"column":0},"end":{"line":10,"column":16}},"1":{"start":{"line":12,"column":12},"end":{"line":12,"column":21}},"2":{"start":{"line":14,"column":0},"end":{"line":14,"column":31}},"3":{"start":{"line":15,"column":0},"end":{"line":15,"column":26}},"4":{"start":{"line":16,"column":0},"end":{"line":16,"column":24}},"5":{"start":{"line":17,"column":0},"end":{"line":17,"column":48}},"6":{"start":{"line":18,"column":0},"end":{"line":18,"column":61}},"7":{"start":{"line":18,"column":38},"end":{"line":18,"column":61}},"8":{"start":{"line":20,"column":0},"end":{"line":21,"column":59}},"9":{"start":{"line":20,"column":27},"end":{"line":21,"column":57}},"10":{"start":{"line":23,"column":0},"end":{"line":23,"column":29}}},"fnMap":{"0":{"name":"(anonymous_0)","decl":{"start":{"line":20,"column":13},"end":{"line":20,"column":14}},"loc":{"start":{"line":20,"column":27},"end":{"line":21,"column":57}},"line":20}},"branchMap":{"0":{"loc":{"start":{"line":18,"column":0},"end":{"line":18,"column":61}},"type":"if","locations":[{"start":{"line":18,"column":0},"end":{"line":18,"column":61}},{"start":{"line":18,"column":0},"end":{"line":18,"column":61}}],"line":18}},"s":{"0":2,"1":2,"2":2,"3":2,"4":2,"5":2,"6":2,"7":0,"8":2,"9":0,"10":2},"f":{"0":0},"b":{"0":[0,2]},"_coverageSchema":"43e27e138ebf9cfc5966b082cf9a028302ed4184","hash":"f9c0e375d6d18b5a8ff5095cdfca4d7b66af1613"}
,"/Users/niyomwungeri/MyApps/readIt/config/config.js": {"path":"/Users/niyomwungeri/MyApps/readIt/config/config.js","statementMap":{"0":{"start":{"line":1,"column":15},"end":{"line":1,"column":32}},"1":{"start":{"line":3,"column":0},"end":{"line":3,"column":16}},"2":{"start":{"line":5,"column":0},"end":{"line":29,"column":2}}},"fnMap":{},"branchMap":{},"s":{"0":2,"1":2,"2":2},"f":{},"b":{},"_coverageSchema":"43e27e138ebf9cfc5966b082cf9a028302ed4184","hash":"3effbb1ddef23b4bceafbed1ad0dc4051b691f86"}
,"/Users/niyomwungeri/MyApps/readIt/controllers/auth.js": {"path":"/Users/niyomwungeri/MyApps/readIt/controllers/auth.js","statementMap":{"0":{"start":{"line":6,"column":0},"end":{"line":6,"column":16}},"1":{"start":{"line":7,"column":17},"end":{"line":7,"column":23}},"2":{"start":{"line":11,"column":32},"end":{"line":11,"column":40}},"3":{"start":{"line":12,"column":4},"end":{"line":38,"column":5}},"4":{"start":{"line":13,"column":19},"end":{"line":17,"column":8}},"5":{"start":{"line":18,"column":6},"end":{"line":20,"column":7}},"6":{"start":{"line":19,"column":8},"end":{"line":19,"column":67}},"7":{"start":{"line":22,"column":6},"end":{"line":35,"column":9}},"8":{"start":{"line":23,"column":8},"end":{"line":34,"column":9}},"9":{"start":{"line":24,"column":26},"end":{"line":27,"column":11}},"10":{"start":{"line":28,"column":10},"end":{"line":33,"column":12}},"11":{"start":{"line":32,"column":28},"end":{"line":32,"column":47}},"12":{"start":{"line":37,"column":6},"end":{"line":37,"column":25}},"13":{"start":{"line":42,"column":4},"end":{"line":42,"column":33}}},"fnMap":{"0":{"name":"(anonymous_0)","decl":{"start":{"line":10,"column":2},"end":{"line":10,"column":3}},"loc":{"start":{"line":10,"column":31},"end":{"line":39,"column":3}},"line":10},"1":{"name":"(anonymous_1)","decl":{"start":{"line":22,"column":53},"end":{"line":22,"column":54}},"loc":{"start":{"line":22,"column":71},"end":{"line":35,"column":7}},"line":22},"2":{"name":"(anonymous_2)","decl":{"start":{"line":32,"column":12},"end":{"line":32,"column":13}},"loc":{"start":{"line":32,"column":28},"end":{"line":32,"column":47}},"line":32},"3":{"name":"(anonymous_3)","decl":{"start":{"line":41,"column":2},"end":{"line":41,"column":3}},"loc":{"start":{"line":41,"column":33},"end":{"line":43,"column":3}},"line":41}},"branchMap":{"0":{"loc":{"start":{"line":18,"column":6},"end":{"line":20,"column":7}},"type":"if","locations":[{"start":{"line":18,"column":6},"end":{"line":20,"column":7}},{"start":{"line":18,"column":6},"end":{"line":20,"column":7}}],"line":18},"1":{"loc":{"start":{"line":23,"column":8},"end":{"line":34,"column":9}},"type":"if","locations":[{"start":{"line":23,"column":8},"end":{"line":34,"column":9}},{"start":{"line":23,"column":8},"end":{"line":34,"column":9}}],"line":23}},"s":{"0":2,"1":2,"2":0,"3":0,"4":0,"5":0,"6":0,"7":0,"8":0,"9":0,"10":0,"11":0,"12":0,"13":0},"f":{"0":0,"1":0,"2":0,"3":0},"b":{"0":[0,0],"1":[0,0]},"_coverageSchema":"43e27e138ebf9cfc5966b082cf9a028302ed4184","hash":"466d622422b37c00bd03ea7654d41a16d826d139"}
,"/Users/niyomwungeri/MyApps/readIt/controllers/comments.js": {"path":"/Users/niyomwungeri/MyApps/readIt/controllers/comments.js","statementMap":{"0":{"start":{"line":5,"column":20},"end":{"line":5,"column":26}},"1":{"start":{"line":8,"column":19},"end":{"line":8,"column":32}},"2":{"start":{"line":9,"column":19},"end":{"line":9,"column":33}},"3":{"start":{"line":10,"column":21},"end":{"line":10,"column":29}},"4":{"start":{"line":11,"column":4},"end":{"line":21,"column":7}},"5":{"start":{"line":12,"column":6},"end":{"line":20,"column":7}},"6":{"start":{"line":13,"column":8},"end":{"line":13,"column":34}},"7":{"start":{"line":15,"column":8},"end":{"line":19,"column":85}},"8":{"start":{"line":17,"column":12},"end":{"line":17,"column":43}},"9":{"start":{"line":19,"column":26},"end":{"line":19,"column":83}}},"fnMap":{"0":{"name":"(anonymous_0)","decl":{"start":{"line":7,"column":2},"end":{"line":7,"column":3}},"loc":{"start":{"line":7,"column":26},"end":{"line":22,"column":3}},"line":7},"1":{"name":"(anonymous_1)","decl":{"start":{"line":11,"column":52},"end":{"line":11,"column":53}},"loc":{"start":{"line":11,"column":68},"end":{"line":21,"column":5}},"line":11},"2":{"name":"(anonymous_2)","decl":{"start":{"line":16,"column":16},"end":{"line":16,"column":17}},"loc":{"start":{"line":16,"column":30},"end":{"line":18,"column":11}},"line":16},"3":{"name":"(anonymous_3)","decl":{"start":{"line":19,"column":17},"end":{"line":19,"column":18}},"loc":{"start":{"line":19,"column":26},"end":{"line":19,"column":83}},"line":19}},"branchMap":{"0":{"loc":{"start":{"line":12,"column":6},"end":{"line":20,"column":7}},"type":"if","locations":[{"start":{"line":12,"column":6},"end":{"line":20,"column":7}},{"start":{"line":12,"column":6},"end":{"line":20,"column":7}}],"line":12}},"s":{"0":2,"1":0,"2":0,"3":0,"4":0,"5":0,"6":0,"7":0,"8":0,"9":0},"f":{"0":0,"1":0,"2":0,"3":0},"b":{"0":[0,0]},"_coverageSchema":"43e27e138ebf9cfc5966b082cf9a028302ed4184","hash":"48c982abd05c06c2d27cf7362298114b4b82f3df"}
,"/Users/niyomwungeri/MyApps/readIt/controllers/posts.js": {"path":"/Users/niyomwungeri/MyApps/readIt/controllers/posts.js","statementMap":{"0":{"start":{"line":5,"column":23},"end":{"line":5,"column":29}},"1":{"start":{"line":9,"column":4},"end":{"line":36,"column":5}},"2":{"start":{"line":12,"column":10},"end":{"line":12,"column":18}},"3":{"start":{"line":14,"column":27},"end":{"line":18,"column":8}},"4":{"start":{"line":19,"column":6},"end":{"line":21,"column":7}},"5":{"start":{"line":20,"column":8},"end":{"line":20,"column":80}},"6":{"start":{"line":22,"column":29},"end":{"line":28,"column":8}},"7":{"start":{"line":29,"column":6},"end":{"line":33,"column":9}},"8":{"start":{"line":35,"column":6},"end":{"line":35,"column":67}},"9":{"start":{"line":40,"column":4},"end":{"line":66,"column":5}},"10":{"start":{"line":41,"column":25},"end":{"line":41,"column":35}},"11":{"start":{"line":44,"column":10},"end":{"line":44,"column":18}},"12":{"start":{"line":46,"column":27},"end":{"line":50,"column":8}},"13":{"start":{"line":52,"column":6},"end":{"line":54,"column":7}},"14":{"start":{"line":53,"column":8},"end":{"line":53,"column":89}},"15":{"start":{"line":55,"column":29},"end":{"line":57,"column":8}},"16":{"start":{"line":59,"column":6},"end":{"line":63,"column":9}},"17":{"start":{"line":65,"column":6},"end":{"line":65,"column":67}},"18":{"start":{"line":70,"column":4},"end":{"line":90,"column":5}},"19":{"start":{"line":71,"column":25},"end":{"line":71,"column":35}},"20":{"start":{"line":73,"column":27},"end":{"line":77,"column":8}},"21":{"start":{"line":79,"column":6},"end":{"line":81,"column":7}},"22":{"start":{"line":80,"column":8},"end":{"line":80,"column":89}},"23":{"start":{"line":83,"column":6},"end":{"line":87,"column":9}},"24":{"start":{"line":89,"column":6},"end":{"line":89,"column":67}},"25":{"start":{"line":94,"column":4},"end":{"line":107,"column":5}},"26":{"start":{"line":95,"column":27},"end":{"line":95,"column":47}},"27":{"start":{"line":96,"column":6},"end":{"line":98,"column":7}},"28":{"start":{"line":97,"column":8},"end":{"line":97,"column":71}},"29":{"start":{"line":100,"column":6},"end":{"line":104,"column":9}},"30":{"start":{"line":106,"column":6},"end":{"line":106,"column":67}}},"fnMap":{"0":{"name":"(anonymous_0)","decl":{"start":{"line":8,"column":2},"end":{"line":8,"column":3}},"loc":{"start":{"line":8,"column":32},"end":{"line":37,"column":3}},"line":8},"1":{"name":"(anonymous_1)","decl":{"start":{"line":39,"column":2},"end":{"line":39,"column":3}},"loc":{"start":{"line":39,"column":34},"end":{"line":67,"column":3}},"line":39},"2":{"name":"(anonymous_2)","decl":{"start":{"line":69,"column":2},"end":{"line":69,"column":3}},"loc":{"start":{"line":69,"column":36},"end":{"line":91,"column":3}},"line":69},"3":{"name":"(anonymous_3)","decl":{"start":{"line":93,"column":2},"end":{"line":93,"column":3}},"loc":{"start":{"line":93,"column":36},"end":{"line":108,"column":3}},"line":93}},"branchMap":{"0":{"loc":{"start":{"line":19,"column":6},"end":{"line":21,"column":7}},"type":"if","locations":[{"start":{"line":19,"column":6},"end":{"line":21,"column":7}},{"start":{"line":19,"column":6},"end":{"line":21,"column":7}}],"line":19},"1":{"loc":{"start":{"line":52,"column":6},"end":{"line":54,"column":7}},"type":"if","locations":[{"start":{"line":52,"column":6},"end":{"line":54,"column":7}},{"start":{"line":52,"column":6},"end":{"line":54,"column":7}}],"line":52},"2":{"loc":{"start":{"line":79,"column":6},"end":{"line":81,"column":7}},"type":"if","locations":[{"start":{"line":79,"column":6},"end":{"line":81,"column":7}},{"start":{"line":79,"column":6},"end":{"line":81,"column":7}}],"line":79},"3":{"loc":{"start":{"line":96,"column":6},"end":{"line":98,"column":7}},"type":"if","locations":[{"start":{"line":96,"column":6},"end":{"line":98,"column":7}},{"start":{"line":96,"column":6},"end":{"line":98,"column":7}}],"line":96}},"s":{"0":2,"1":2,"2":2,"3":2,"4":2,"5":1,"6":1,"7":1,"8":0,"9":2,"10":2,"11":2,"12":2,"13":2,"14":1,"15":1,"16":1,"17":0,"18":2,"19":2,"20":2,"21":2,"22":1,"23":1,"24":0,"25":1,"26":1,"27":1,"28":0,"29":1,"30":0},"f":{"0":2,"1":2,"2":2,"3":1},"b":{"0":[1,1],"1":[1,1],"2":[1,1],"3":[0,1]},"_coverageSchema":"43e27e138ebf9cfc5966b082cf9a028302ed4184","hash":"843c59f532e729a36baf4be99078a1538cfdda6d"}
,"/Users/niyomwungeri/MyApps/readIt/controllers/users.js": {"path":"/Users/niyomwungeri/MyApps/readIt/controllers/users.js","statementMap":{"0":{"start":{"line":4,"column":23},"end":{"line":4,"column":29}},"1":{"start":{"line":10,"column":8},"end":{"line":10,"column":16}},"2":{"start":{"line":11,"column":4},"end":{"line":26,"column":7}},"3":{"start":{"line":12,"column":6},"end":{"line":25,"column":7}},"4":{"start":{"line":13,"column":21},"end":{"line":18,"column":10}},"5":{"start":{"line":19,"column":8},"end":{"line":19,"column":39}},"6":{"start":{"line":20,"column":8},"end":{"line":20,"column":27}},"7":{"start":{"line":22,"column":35},"end":{"line":22,"column":40}},"8":{"start":{"line":23,"column":8},"end":{"line":23,"column":27}},"9":{"start":{"line":24,"column":8},"end":{"line":24,"column":84}},"10":{"start":{"line":30,"column":4},"end":{"line":37,"column":5}},"11":{"start":{"line":31,"column":20},"end":{"line":33,"column":8}},"12":{"start":{"line":34,"column":6},"end":{"line":34,"column":26}},"13":{"start":{"line":36,"column":6},"end":{"line":36,"column":23}},"14":{"start":{"line":41,"column":19},"end":{"line":41,"column":29}},"15":{"start":{"line":42,"column":4},"end":{"line":52,"column":5}},"16":{"start":{"line":43,"column":19},"end":{"line":48,"column":8}},"17":{"start":{"line":49,"column":6},"end":{"line":49,"column":25}},"18":{"start":{"line":51,"column":6},"end":{"line":51,"column":23}},"19":{"start":{"line":56,"column":36},"end":{"line":56,"column":44}},"20":{"start":{"line":57,"column":4},"end":{"line":74,"column":5}},"21":{"start":{"line":58,"column":19},"end":{"line":64,"column":8}},"22":{"start":{"line":65,"column":26},"end":{"line":68,"column":8}},"23":{"start":{"line":69,"column":6},"end":{"line":69,"column":38}},"24":{"start":{"line":71,"column":6},"end":{"line":71,"column":38}},"25":{"start":{"line":73,"column":6},"end":{"line":73,"column":23}},"26":{"start":{"line":78,"column":19},"end":{"line":78,"column":29}},"27":{"start":{"line":79,"column":4},"end":{"line":90,"column":7}},"28":{"start":{"line":80,"column":6},"end":{"line":82,"column":7}},"29":{"start":{"line":81,"column":8},"end":{"line":81,"column":89}},"30":{"start":{"line":83,"column":6},"end":{"line":87,"column":9}},"31":{"start":{"line":89,"column":6},"end":{"line":89,"column":60}}},"fnMap":{"0":{"name":"(anonymous_0)","decl":{"start":{"line":7,"column":2},"end":{"line":7,"column":3}},"loc":{"start":{"line":7,"column":32},"end":{"line":27,"column":3}},"line":7},"1":{"name":"(anonymous_1)","decl":{"start":{"line":11,"column":30},"end":{"line":11,"column":31}},"loc":{"start":{"line":11,"column":51},"end":{"line":26,"column":5}},"line":11},"2":{"name":"(anonymous_2)","decl":{"start":{"line":29,"column":2},"end":{"line":29,"column":3}},"loc":{"start":{"line":29,"column":36},"end":{"line":38,"column":3}},"line":29},"3":{"name":"(anonymous_3)","decl":{"start":{"line":40,"column":2},"end":{"line":40,"column":3}},"loc":{"start":{"line":40,"column":36},"end":{"line":53,"column":3}},"line":40},"4":{"name":"(anonymous_4)","decl":{"start":{"line":55,"column":2},"end":{"line":55,"column":3}},"loc":{"start":{"line":55,"column":32},"end":{"line":75,"column":3}},"line":55},"5":{"name":"(anonymous_5)","decl":{"start":{"line":77,"column":2},"end":{"line":77,"column":3}},"loc":{"start":{"line":77,"column":30},"end":{"line":91,"column":3}},"line":77},"6":{"name":"(anonymous_6)","decl":{"start":{"line":79,"column":49},"end":{"line":79,"column":50}},"loc":{"start":{"line":79,"column":65},"end":{"line":88,"column":5}},"line":79},"7":{"name":"(anonymous_7)","decl":{"start":{"line":88,"column":13},"end":{"line":88,"column":14}},"loc":{"start":{"line":88,"column":24},"end":{"line":90,"column":5}},"line":88}},"branchMap":{"0":{"loc":{"start":{"line":24,"column":36},"end":{"line":24,"column":80}},"type":"cond-expr","locations":[{"start":{"line":24,"column":45},"end":{"line":24,"column":62}},{"start":{"line":24,"column":65},"end":{"line":24,"column":80}}],"line":24},"1":{"loc":{"start":{"line":80,"column":6},"end":{"line":82,"column":7}},"type":"if","locations":[{"start":{"line":80,"column":6},"end":{"line":82,"column":7}},{"start":{"line":80,"column":6},"end":{"line":82,"column":7}}],"line":80}},"s":{"0":2,"1":0,"2":0,"3":0,"4":0,"5":0,"6":0,"7":0,"8":0,"9":0,"10":0,"11":0,"12":0,"13":0,"14":0,"15":0,"16":0,"17":0,"18":0,"19":0,"20":0,"21":0,"22":0,"23":0,"24":0,"25":0,"26":2,"27":2,"28":2,"29":1,"30":1,"31":0},"f":{"0":0,"1":0,"2":0,"3":0,"4":0,"5":2,"6":2,"7":0},"b":{"0":[0,0],"1":[1,1]},"_coverageSchema":"43e27e138ebf9cfc5966b082cf9a028302ed4184","hash":"ae010aa926e441b1ed25150128eb8b05b68ab067"}
,"/Users/niyomwungeri/MyApps/readIt/helpers/commentValidation.js": {"path":"/Users/niyomwungeri/MyApps/readIt/helpers/commentValidation.js","statementMap":{"0":{"start":{"line":3,"column":16},"end":{"line":13,"column":2}}},"fnMap":{},"branchMap":{},"s":{"0":2},"f":{},"b":{},"_coverageSchema":"43e27e138ebf9cfc5966b082cf9a028302ed4184","hash":"5f97009d07fdfb86b3fdc5a1873c92538799cab0"}
,"/Users/niyomwungeri/MyApps/readIt/middleware/passport.js": {"path":"/Users/niyomwungeri/MyApps/readIt/middleware/passport.js","statementMap":{"0":{"start":{"line":5,"column":0},"end":{"line":5,"column":16}},"1":{"start":{"line":6,"column":33},"end":{"line":6,"column":44}},"2":{"start":{"line":7,"column":17},"end":{"line":7,"column":23}},"3":{"start":{"line":8,"column":16},"end":{"line":8,"column":18}},"4":{"start":{"line":10,"column":0},"end":{"line":10,"column":66}},"5":{"start":{"line":11,"column":0},"end":{"line":11,"column":48}},"6":{"start":{"line":14,"column":2},"end":{"line":31,"column":4}},"7":{"start":{"line":16,"column":6},"end":{"line":29,"column":7}},"8":{"start":{"line":17,"column":21},"end":{"line":22,"column":10}},"9":{"start":{"line":23,"column":8},"end":{"line":25,"column":9}},"10":{"start":{"line":24,"column":10},"end":{"line":24,"column":34}},"11":{"start":{"line":26,"column":8},"end":{"line":26,"column":33}},"12":{"start":{"line":28,"column":8},"end":{"line":28,"column":34}}},"fnMap":{"0":{"name":"(anonymous_0)","decl":{"start":{"line":13,"column":15},"end":{"line":13,"column":16}},"loc":{"start":{"line":13,"column":29},"end":{"line":32,"column":1}},"line":13},"1":{"name":"(anonymous_1)","decl":{"start":{"line":15,"column":26},"end":{"line":15,"column":27}},"loc":{"start":{"line":15,"column":54},"end":{"line":30,"column":5}},"line":15}},"branchMap":{"0":{"loc":{"start":{"line":23,"column":8},"end":{"line":25,"column":9}},"type":"if","locations":[{"start":{"line":23,"column":8},"end":{"line":25,"column":9}},{"start":{"line":23,"column":8},"end":{"line":25,"column":9}}],"line":23}},"s":{"0":2,"1":2,"2":2,"3":2,"4":2,"5":2,"6":2,"7":0,"8":0,"9":0,"10":0,"11":0,"12":0},"f":{"0":2,"1":0},"b":{"0":[0,0]},"_coverageSchema":"43e27e138ebf9cfc5966b082cf9a028302ed4184","hash":"6f585347ab51489406b44fb44258e608b7ba0b2f"}
,"/Users/niyomwungeri/MyApps/readIt/models/comment.js": {"path":"/Users/niyomwungeri/MyApps/readIt/models/comment.js","statementMap":{"0":{"start":{"line":2,"column":18},"end":{"line":10,"column":3}},"1":{"start":{"line":11,"column":2},"end":{"line":13,"column":4}},"2":{"start":{"line":14,"column":2},"end":{"line":14,"column":17}}},"fnMap":{"0":{"name":"(anonymous_0)","decl":{"start":{"line":1,"column":15},"end":{"line":1,"column":16}},"loc":{"start":{"line":1,"column":41},"end":{"line":15,"column":1}},"line":1},"1":{"name":"(anonymous_1)","decl":{"start":{"line":11,"column":22},"end":{"line":11,"column":23}},"loc":{"start":{"line":11,"column":40},"end":{"line":13,"column":3}},"line":11}},"branchMap":{},"s":{"0":2,"1":2,"2":2},"f":{"0":2,"1":2},"b":{},"_coverageSchema":"43e27e138ebf9cfc5966b082cf9a028302ed4184","hash":"280587c0d323a2db11535b377738091d0fc339dd"}
,"/Users/niyomwungeri/MyApps/readIt/models/index.js": {"path":"/Users/niyomwungeri/MyApps/readIt/models/index.js","statementMap":{"0":{"start":{"line":6,"column":17},"end":{"line":6,"column":42}},"1":{"start":{"line":7,"column":12},"end":{"line":7,"column":49}},"2":{"start":{"line":8,"column":15},"end":{"line":8,"column":30}},"3":{"start":{"line":10,"column":11},"end":{"line":10,"column":13}},"4":{"start":{"line":13,"column":0},"end":{"line":23,"column":1}},"5":{"start":{"line":15,"column":2},"end":{"line":15,"column":62}},"6":{"start":{"line":17,"column":2},"end":{"line":22,"column":4}},"7":{"start":{"line":25,"column":0},"end":{"line":30,"column":5}},"8":{"start":{"line":26,"column":18},"end":{"line":26,"column":90}},"9":{"start":{"line":28,"column":18},"end":{"line":28,"column":62}},"10":{"start":{"line":29,"column":4},"end":{"line":29,"column":27}},"11":{"start":{"line":32,"column":0},"end":{"line":36,"column":3}},"12":{"start":{"line":33,"column":2},"end":{"line":35,"column":3}},"13":{"start":{"line":34,"column":4},"end":{"line":34,"column":32}},"14":{"start":{"line":38,"column":0},"end":{"line":38,"column":25}},"15":{"start":{"line":39,"column":0},"end":{"line":39,"column":25}}},"fnMap":{"0":{"name":"(anonymous_0)","decl":{"start":{"line":26,"column":10},"end":{"line":26,"column":11}},"loc":{"start":{"line":26,"column":18},"end":{"line":26,"column":90}},"line":26},"1":{"name":"(anonymous_1)","decl":{"start":{"line":27,"column":11},"end":{"line":27,"column":12}},"loc":{"start":{"line":27,"column":21},"end":{"line":30,"column":3}},"line":27},"2":{"name":"(anonymous_2)","decl":{"start":{"line":32,"column":24},"end":{"line":32,"column":25}},"loc":{"start":{"line":32,"column":39},"end":{"line":36,"column":1}},"line":32}},"branchMap":{"0":{"loc":{"start":{"line":7,"column":12},"end":{"line":7,"column":49}},"type":"binary-expr","locations":[{"start":{"line":7,"column":12},"end":{"line":7,"column":32}},{"start":{"line":7,"column":36},"end":{"line":7,"column":49}}],"line":7},"1":{"loc":{"start":{"line":13,"column":0},"end":{"line":23,"column":1}},"type":"if","locations":[{"start":{"line":13,"column":0},"end":{"line":23,"column":1}},{"start":{"line":13,"column":0},"end":{"line":23,"column":1}}],"line":13},"2":{"loc":{"start":{"line":26,"column":18},"end":{"line":26,"column":90}},"type":"binary-expr","locations":[{"start":{"line":26,"column":18},"end":{"line":26,"column":41}},{"start":{"line":26,"column":45},"end":{"line":26,"column":62}},{"start":{"line":26,"column":66},"end":{"line":26,"column":90}}],"line":26},"3":{"loc":{"start":{"line":33,"column":2},"end":{"line":35,"column":3}},"type":"if","locations":[{"start":{"line":33,"column":2},"end":{"line":35,"column":3}},{"start":{"line":33,"column":2},"end":{"line":35,"column":3}}],"line":33}},"s":{"0":2,"1":2,"2":2,"3":2,"4":2,"5":0,"6":2,"7":2,"8":10,"9":8,"10":8,"11":2,"12":8,"13":8,"14":2,"15":2},"f":{"0":10,"1":8,"2":8},"b":{"0":[2,0],"1":[0,2],"2":[10,10,8],"3":[8,0]},"_coverageSchema":"43e27e138ebf9cfc5966b082cf9a028302ed4184","hash":"69393359fc3932c6308d9404e33889b1454d5a10"}
,"/Users/niyomwungeri/MyApps/readIt/models/post.js": {"path":"/Users/niyomwungeri/MyApps/readIt/models/post.js","statementMap":{"0":{"start":{"line":2,"column":15},"end":{"line":12,"column":3}},"1":{"start":{"line":13,"column":2},"end":{"line":15,"column":4}},"2":{"start":{"line":14,"column":4},"end":{"line":14,"column":58}},"3":{"start":{"line":16,"column":2},"end":{"line":16,"column":14}}},"fnMap":{"0":{"name":"(anonymous_0)","decl":{"start":{"line":1,"column":15},"end":{"line":1,"column":16}},"loc":{"start":{"line":1,"column":41},"end":{"line":17,"column":1}},"line":1},"1":{"name":"(anonymous_1)","decl":{"start":{"line":13,"column":19},"end":{"line":13,"column":20}},"loc":{"start":{"line":13,"column":31},"end":{"line":15,"column":3}},"line":13}},"branchMap":{},"s":{"0":2,"1":2,"2":2,"3":2},"f":{"0":2,"1":2},"b":{},"_coverageSchema":"43e27e138ebf9cfc5966b082cf9a028302ed4184","hash":"cc540690b0d628355d1ff1680e6b41623773f987"}
,"/Users/niyomwungeri/MyApps/readIt/models/rating.js": {"path":"/Users/niyomwungeri/MyApps/readIt/models/rating.js","statementMap":{"0":{"start":{"line":2,"column":17},"end":{"line":10,"column":3}},"1":{"start":{"line":11,"column":2},"end":{"line":13,"column":4}},"2":{"start":{"line":14,"column":2},"end":{"line":14,"column":16}}},"fnMap":{"0":{"name":"(anonymous_0)","decl":{"start":{"line":1,"column":15},"end":{"line":1,"column":16}},"loc":{"start":{"line":1,"column":41},"end":{"line":15,"column":1}},"line":1},"1":{"name":"(anonymous_1)","decl":{"start":{"line":11,"column":21},"end":{"line":11,"column":22}},"loc":{"start":{"line":11,"column":39},"end":{"line":13,"column":3}},"line":11}},"branchMap":{},"s":{"0":2,"1":2,"2":2},"f":{"0":2,"1":2},"b":{},"_coverageSchema":"43e27e138ebf9cfc5966b082cf9a028302ed4184","hash":"c12b8dc7d3a46d26a6583622dcee78b95a348fce"}
,"/Users/niyomwungeri/MyApps/readIt/models/user.js": {"path":"/Users/niyomwungeri/MyApps/readIt/models/user.js","statementMap":{"0":{"start":{"line":3,"column":15},"end":{"line":22,"column":3}},"1":{"start":{"line":15,"column":25},"end":{"line":15,"column":177}},"2":{"start":{"line":16,"column":10},"end":{"line":18,"column":11}},"3":{"start":{"line":17,"column":12},"end":{"line":17,"column":53}},"4":{"start":{"line":23,"column":2},"end":{"line":25,"column":4}},"5":{"start":{"line":24,"column":4},"end":{"line":24,"column":56}},"6":{"start":{"line":26,"column":2},"end":{"line":26,"column":14}}},"fnMap":{"0":{"name":"(anonymous_0)","decl":{"start":{"line":2,"column":15},"end":{"line":2,"column":16}},"loc":{"start":{"line":2,"column":41},"end":{"line":27,"column":1}},"line":2},"1":{"name":"(anonymous_1)","decl":{"start":{"line":14,"column":8},"end":{"line":14,"column":9}},"loc":{"start":{"line":14,"column":21},"end":{"line":19,"column":9}},"line":14},"2":{"name":"(anonymous_2)","decl":{"start":{"line":23,"column":19},"end":{"line":23,"column":20}},"loc":{"start":{"line":23,"column":29},"end":{"line":25,"column":3}},"line":23}},"branchMap":{"0":{"loc":{"start":{"line":16,"column":10},"end":{"line":18,"column":11}},"type":"if","locations":[{"start":{"line":16,"column":10},"end":{"line":18,"column":11}},{"start":{"line":16,"column":10},"end":{"line":18,"column":11}}],"line":16}},"s":{"0":2,"1":0,"2":0,"3":0,"4":2,"5":2,"6":2},"f":{"0":2,"1":0,"2":2},"b":{"0":[0,0]},"_coverageSchema":"43e27e138ebf9cfc5966b082cf9a028302ed4184","hash":"bca4238c24be225620f22560284549a1636d5fa5"}
,"/Users/niyomwungeri/MyApps/readIt/routes/auth.js": {"path":"/Users/niyomwungeri/MyApps/readIt/routes/auth.js","statementMap":{"0":{"start":{"line":5,"column":20},"end":{"line":5,"column":28}},"1":{"start":{"line":7,"column":0},"end":{"line":13,"column":4}}},"fnMap":{},"branchMap":{},"s":{"0":2,"1":2},"f":{},"b":{},"_coverageSchema":"43e27e138ebf9cfc5966b082cf9a028302ed4184","hash":"311688042b30e382afc1e8e59f3d78faaeb53cff"}
,"/Users/niyomwungeri/MyApps/readIt/routes/comments.js": {"path":"/Users/niyomwungeri/MyApps/readIt/routes/comments.js","statementMap":{"0":{"start":{"line":4,"column":23},"end":{"line":4,"column":31}},"1":{"start":{"line":6,"column":0},"end":{"line":6,"column":59}}},"fnMap":{},"branchMap":{},"s":{"0":2,"1":2},"f":{},"b":{},"_coverageSchema":"43e27e138ebf9cfc5966b082cf9a028302ed4184","hash":"8811aed6c61492302b7f436eeb71b822cd7e6906"}
,"/Users/niyomwungeri/MyApps/readIt/routes/index.js": {"path":"/Users/niyomwungeri/MyApps/readIt/routes/index.js","statementMap":{"0":{"start":{"line":8,"column":16},"end":{"line":8,"column":24}},"1":{"start":{"line":12,"column":0},"end":{"line":12,"column":67}}},"fnMap":{},"branchMap":{},"s":{"0":2,"1":2},"f":{},"b":{},"_coverageSchema":"43e27e138ebf9cfc5966b082cf9a028302ed4184","hash":"945c74f78840b235daba5f4a707fe5ff88f72d53"}
,"/Users/niyomwungeri/MyApps/readIt/routes/posts.js": {"path":"/Users/niyomwungeri/MyApps/readIt/routes/posts.js","statementMap":{"0":{"start":{"line":4,"column":20},"end":{"line":4,"column":28}},"1":{"start":{"line":6,"column":0},"end":{"line":10,"column":34}}},"fnMap":{},"branchMap":{},"s":{"0":2,"1":2},"f":{},"b":{},"_coverageSchema":"43e27e138ebf9cfc5966b082cf9a028302ed4184","hash":"4f3dfefeb1cfdcd3ee9c818e44cd399d0b826ab9"}
,"/Users/niyomwungeri/MyApps/readIt/routes/user.js": {"path":"/Users/niyomwungeri/MyApps/readIt/routes/user.js","statementMap":{"0":{"start":{"line":5,"column":20},"end":{"line":5,"column":28}},"1":{"start":{"line":7,"column":0},"end":{"line":16,"column":44}}},"fnMap":{},"branchMap":{},"s":{"0":2,"1":2},"f":{},"b":{},"_coverageSchema":"43e27e138ebf9cfc5966b082cf9a028302ed4184","hash":"29d3026a3a92de4e2fa66794951c4da41570a939"}
}
