{"/Users/niyomwungeri/MyApps/readIt/index.js": {"path":"/Users/niyomwungeri/MyApps/readIt/index.js","statementMap":{"0":{"start":{"line":10,"column":0},"end":{"line":10,"column":16}},"1":{"start":{"line":12,"column":12},"end":{"line":12,"column":21}},"2":{"start":{"line":14,"column":0},"end":{"line":14,"column":24}},"3":{"start":{"line":15,"column":0},"end":{"line":15,"column":48}},"4":{"start":{"line":16,"column":0},"end":{"line":16,"column":61}},"5":{"start":{"line":16,"column":38},"end":{"line":16,"column":61}},"6":{"start":{"line":18,"column":0},"end":{"line":19,"column":59}},"7":{"start":{"line":18,"column":27},"end":{"line":19,"column":57}},"8":{"start":{"line":21,"column":0},"end":{"line":21,"column":29}},"9":{"start":{"line":23,"column":0},"end":{"line":23,"column":21}}},"fnMap":{"0":{"name":"(anonymous_0)","decl":{"start":{"line":18,"column":13},"end":{"line":18,"column":14}},"loc":{"start":{"line":18,"column":27},"end":{"line":19,"column":57}},"line":18}},"branchMap":{"0":{"loc":{"start":{"line":16,"column":0},"end":{"line":16,"column":61}},"type":"if","locations":[{"start":{"line":16,"column":0},"end":{"line":16,"column":61}},{"start":{"line":16,"column":0},"end":{"line":16,"column":61}}],"line":16}},"s":{"0":1,"1":1,"2":1,"3":1,"4":1,"5":0,"6":1,"7":0,"8":1,"9":1},"f":{"0":0},"b":{"0":[0,1]},"_coverageSchema":"43e27e138ebf9cfc5966b082cf9a028302ed4184","hash":"5d9242d30ae1e754f80adeb987652a595e9d7094"}
,"/Users/niyomwungeri/MyApps/readIt/config/config.js": {"path":"/Users/niyomwungeri/MyApps/readIt/config/config.js","statementMap":{"0":{"start":{"line":1,"column":15},"end":{"line":1,"column":32}},"1":{"start":{"line":3,"column":0},"end":{"line":3,"column":16}},"2":{"start":{"line":5,"column":0},"end":{"line":29,"column":2}}},"fnMap":{},"branchMap":{},"s":{"0":1,"1":1,"2":1},"f":{},"b":{},"_coverageSchema":"43e27e138ebf9cfc5966b082cf9a028302ed4184","hash":"3effbb1ddef23b4bceafbed1ad0dc4051b691f86"}
,"/Users/niyomwungeri/MyApps/readIt/controllers/comments.js": {"path":"/Users/niyomwungeri/MyApps/readIt/controllers/comments.js","statementMap":{"0":{"start":{"line":3,"column":4},"end":{"line":3,"column":37}}},"fnMap":{"0":{"name":"(anonymous_0)","decl":{"start":{"line":2,"column":2},"end":{"line":2,"column":3}},"loc":{"start":{"line":2,"column":26},"end":{"line":4,"column":3}},"line":2}},"branchMap":{},"s":{"0":0},"f":{"0":0},"b":{},"_coverageSchema":"43e27e138ebf9cfc5966b082cf9a028302ed4184","hash":"66171a83b0d6b629aae595f06d2027222c0f6c4f"}
,"/Users/niyomwungeri/MyApps/readIt/controllers/posts.js": {"path":"/Users/niyomwungeri/MyApps/readIt/controllers/posts.js","statementMap":{"0":{"start":{"line":3,"column":23},"end":{"line":3,"column":29}},"1":{"start":{"line":7,"column":4},"end":{"line":34,"column":5}},"2":{"start":{"line":10,"column":10},"end":{"line":10,"column":18}},"3":{"start":{"line":12,"column":27},"end":{"line":16,"column":8}},"4":{"start":{"line":17,"column":6},"end":{"line":19,"column":7}},"5":{"start":{"line":18,"column":8},"end":{"line":18,"column":80}},"6":{"start":{"line":20,"column":29},"end":{"line":26,"column":8}},"7":{"start":{"line":27,"column":6},"end":{"line":31,"column":9}},"8":{"start":{"line":33,"column":6},"end":{"line":33,"column":73}}},"fnMap":{"0":{"name":"(anonymous_0)","decl":{"start":{"line":6,"column":2},"end":{"line":6,"column":3}},"loc":{"start":{"line":6,"column":32},"end":{"line":35,"column":3}},"line":6}},"branchMap":{"0":{"loc":{"start":{"line":17,"column":6},"end":{"line":19,"column":7}},"type":"if","locations":[{"start":{"line":17,"column":6},"end":{"line":19,"column":7}},{"start":{"line":17,"column":6},"end":{"line":19,"column":7}}],"line":17}},"s":{"0":1,"1":2,"2":2,"3":2,"4":2,"5":1,"6":1,"7":1,"8":0},"f":{"0":2},"b":{"0":[1,1]},"_coverageSchema":"43e27e138ebf9cfc5966b082cf9a028302ed4184","hash":"7fb4ee8f250ea1bf45de92bf91a849cf80d29e3d"}
,"/Users/niyomwungeri/MyApps/readIt/controllers/users.js": {"path":"/Users/niyomwungeri/MyApps/readIt/controllers/users.js","statementMap":{"0":{"start":{"line":4,"column":17},"end":{"line":4,"column":23}},"1":{"start":{"line":10,"column":8},"end":{"line":10,"column":16}},"2":{"start":{"line":11,"column":4},"end":{"line":26,"column":7}},"3":{"start":{"line":12,"column":6},"end":{"line":25,"column":7}},"4":{"start":{"line":13,"column":21},"end":{"line":18,"column":10}},"5":{"start":{"line":19,"column":8},"end":{"line":19,"column":39}},"6":{"start":{"line":20,"column":8},"end":{"line":20,"column":27}},"7":{"start":{"line":22,"column":35},"end":{"line":22,"column":40}},"8":{"start":{"line":23,"column":8},"end":{"line":23,"column":27}},"9":{"start":{"line":24,"column":8},"end":{"line":24,"column":84}},"10":{"start":{"line":30,"column":4},"end":{"line":37,"column":5}},"11":{"start":{"line":31,"column":20},"end":{"line":33,"column":8}},"12":{"start":{"line":34,"column":6},"end":{"line":34,"column":26}},"13":{"start":{"line":36,"column":6},"end":{"line":36,"column":23}},"14":{"start":{"line":41,"column":19},"end":{"line":41,"column":29}},"15":{"start":{"line":42,"column":4},"end":{"line":52,"column":5}},"16":{"start":{"line":43,"column":19},"end":{"line":48,"column":8}},"17":{"start":{"line":49,"column":6},"end":{"line":49,"column":25}},"18":{"start":{"line":51,"column":6},"end":{"line":51,"column":23}},"19":{"start":{"line":56,"column":36},"end":{"line":56,"column":44}},"20":{"start":{"line":57,"column":4},"end":{"line":74,"column":5}},"21":{"start":{"line":58,"column":19},"end":{"line":64,"column":8}},"22":{"start":{"line":65,"column":26},"end":{"line":68,"column":8}},"23":{"start":{"line":69,"column":6},"end":{"line":69,"column":38}},"24":{"start":{"line":71,"column":6},"end":{"line":71,"column":38}},"25":{"start":{"line":73,"column":6},"end":{"line":73,"column":23}}},"fnMap":{"0":{"name":"(anonymous_0)","decl":{"start":{"line":7,"column":2},"end":{"line":7,"column":3}},"loc":{"start":{"line":7,"column":32},"end":{"line":27,"column":3}},"line":7},"1":{"name":"(anonymous_1)","decl":{"start":{"line":11,"column":30},"end":{"line":11,"column":31}},"loc":{"start":{"line":11,"column":51},"end":{"line":26,"column":5}},"line":11},"2":{"name":"(anonymous_2)","decl":{"start":{"line":29,"column":2},"end":{"line":29,"column":3}},"loc":{"start":{"line":29,"column":36},"end":{"line":38,"column":3}},"line":29},"3":{"name":"(anonymous_3)","decl":{"start":{"line":40,"column":2},"end":{"line":40,"column":3}},"loc":{"start":{"line":40,"column":36},"end":{"line":53,"column":3}},"line":40},"4":{"name":"(anonymous_4)","decl":{"start":{"line":55,"column":2},"end":{"line":55,"column":3}},"loc":{"start":{"line":55,"column":32},"end":{"line":75,"column":3}},"line":55}},"branchMap":{"0":{"loc":{"start":{"line":24,"column":36},"end":{"line":24,"column":80}},"type":"cond-expr","locations":[{"start":{"line":24,"column":45},"end":{"line":24,"column":62}},{"start":{"line":24,"column":65},"end":{"line":24,"column":80}}],"line":24}},"s":{"0":1,"1":0,"2":0,"3":0,"4":0,"5":0,"6":0,"7":0,"8":0,"9":0,"10":0,"11":0,"12":0,"13":0,"14":0,"15":0,"16":0,"17":0,"18":0,"19":0,"20":0,"21":0,"22":0,"23":0,"24":0,"25":0},"f":{"0":0,"1":0,"2":0,"3":0,"4":0},"b":{"0":[0,0]},"_coverageSchema":"43e27e138ebf9cfc5966b082cf9a028302ed4184","hash":"bd35d0cccff29177472b6783532de30413656d5a"}
,"/Users/niyomwungeri/MyApps/readIt/models/comment.js": {"path":"/Users/niyomwungeri/MyApps/readIt/models/comment.js","statementMap":{"0":{"start":{"line":2,"column":18},"end":{"line":10,"column":3}},"1":{"start":{"line":11,"column":2},"end":{"line":13,"column":4}},"2":{"start":{"line":14,"column":2},"end":{"line":14,"column":17}}},"fnMap":{"0":{"name":"(anonymous_0)","decl":{"start":{"line":1,"column":15},"end":{"line":1,"column":16}},"loc":{"start":{"line":1,"column":41},"end":{"line":15,"column":1}},"line":1},"1":{"name":"(anonymous_1)","decl":{"start":{"line":11,"column":22},"end":{"line":11,"column":23}},"loc":{"start":{"line":11,"column":40},"end":{"line":13,"column":3}},"line":11}},"branchMap":{},"s":{"0":1,"1":1,"2":1},"f":{"0":1,"1":1},"b":{},"_coverageSchema":"43e27e138ebf9cfc5966b082cf9a028302ed4184","hash":"280587c0d323a2db11535b377738091d0fc339dd"}
,"/Users/niyomwungeri/MyApps/readIt/models/index.js": {"path":"/Users/niyomwungeri/MyApps/readIt/models/index.js","statementMap":{"0":{"start":{"line":6,"column":17},"end":{"line":6,"column":42}},"1":{"start":{"line":7,"column":12},"end":{"line":7,"column":49}},"2":{"start":{"line":8,"column":15},"end":{"line":8,"column":30}},"3":{"start":{"line":10,"column":11},"end":{"line":10,"column":13}},"4":{"start":{"line":13,"column":0},"end":{"line":23,"column":1}},"5":{"start":{"line":15,"column":2},"end":{"line":15,"column":62}},"6":{"start":{"line":17,"column":2},"end":{"line":22,"column":4}},"7":{"start":{"line":25,"column":0},"end":{"line":32,"column":5}},"8":{"start":{"line":27,"column":12},"end":{"line":27,"column":84}},"9":{"start":{"line":30,"column":18},"end":{"line":30,"column":62}},"10":{"start":{"line":31,"column":4},"end":{"line":31,"column":27}},"11":{"start":{"line":34,"column":0},"end":{"line":38,"column":3}},"12":{"start":{"line":35,"column":2},"end":{"line":37,"column":3}},"13":{"start":{"line":36,"column":4},"end":{"line":36,"column":32}},"14":{"start":{"line":40,"column":0},"end":{"line":40,"column":25}},"15":{"start":{"line":41,"column":0},"end":{"line":41,"column":25}}},"fnMap":{"0":{"name":"(anonymous_0)","decl":{"start":{"line":27,"column":4},"end":{"line":27,"column":5}},"loc":{"start":{"line":27,"column":12},"end":{"line":27,"column":84}},"line":27},"1":{"name":"(anonymous_1)","decl":{"start":{"line":29,"column":11},"end":{"line":29,"column":12}},"loc":{"start":{"line":29,"column":21},"end":{"line":32,"column":3}},"line":29},"2":{"name":"(anonymous_2)","decl":{"start":{"line":34,"column":24},"end":{"line":34,"column":25}},"loc":{"start":{"line":34,"column":39},"end":{"line":38,"column":1}},"line":34}},"branchMap":{"0":{"loc":{"start":{"line":7,"column":12},"end":{"line":7,"column":49}},"type":"binary-expr","locations":[{"start":{"line":7,"column":12},"end":{"line":7,"column":32}},{"start":{"line":7,"column":36},"end":{"line":7,"column":49}}],"line":7},"1":{"loc":{"start":{"line":13,"column":0},"end":{"line":23,"column":1}},"type":"if","locations":[{"start":{"line":13,"column":0},"end":{"line":23,"column":1}},{"start":{"line":13,"column":0},"end":{"line":23,"column":1}}],"line":13},"2":{"loc":{"start":{"line":27,"column":12},"end":{"line":27,"column":84}},"type":"binary-expr","locations":[{"start":{"line":27,"column":12},"end":{"line":27,"column":35}},{"start":{"line":27,"column":39},"end":{"line":27,"column":56}},{"start":{"line":27,"column":60},"end":{"line":27,"column":84}}],"line":27},"3":{"loc":{"start":{"line":35,"column":2},"end":{"line":37,"column":3}},"type":"if","locations":[{"start":{"line":35,"column":2},"end":{"line":37,"column":3}},{"start":{"line":35,"column":2},"end":{"line":37,"column":3}}],"line":35}},"s":{"0":1,"1":1,"2":1,"3":1,"4":1,"5":0,"6":1,"7":1,"8":5,"9":4,"10":4,"11":1,"12":4,"13":4,"14":1,"15":1},"f":{"0":5,"1":4,"2":4},"b":{"0":[1,0],"1":[0,1],"2":[5,5,4],"3":[4,0]},"_coverageSchema":"43e27e138ebf9cfc5966b082cf9a028302ed4184","hash":"5fa46ada6c7541e24e9fc0cc3f8dd35021c77acf"}
,"/Users/niyomwungeri/MyApps/readIt/models/post.js": {"path":"/Users/niyomwungeri/MyApps/readIt/models/post.js","statementMap":{"0":{"start":{"line":3,"column":15},"end":{"line":13,"column":3}},"1":{"start":{"line":14,"column":2},"end":{"line":16,"column":4}},"2":{"start":{"line":15,"column":4},"end":{"line":15,"column":32}},"3":{"start":{"line":17,"column":2},"end":{"line":17,"column":14}}},"fnMap":{"0":{"name":"(anonymous_0)","decl":{"start":{"line":2,"column":15},"end":{"line":2,"column":16}},"loc":{"start":{"line":2,"column":41},"end":{"line":18,"column":1}},"line":2},"1":{"name":"(anonymous_1)","decl":{"start":{"line":14,"column":19},"end":{"line":14,"column":20}},"loc":{"start":{"line":14,"column":29},"end":{"line":16,"column":3}},"line":14}},"branchMap":{},"s":{"0":1,"1":1,"2":1,"3":1},"f":{"0":1,"1":1},"b":{},"_coverageSchema":"43e27e138ebf9cfc5966b082cf9a028302ed4184","hash":"36618cfae127573a15614f8cca37f171e5f72407"}
,"/Users/niyomwungeri/MyApps/readIt/models/rating.js": {"path":"/Users/niyomwungeri/MyApps/readIt/models/rating.js","statementMap":{"0":{"start":{"line":2,"column":17},"end":{"line":10,"column":3}},"1":{"start":{"line":11,"column":2},"end":{"line":13,"column":4}},"2":{"start":{"line":14,"column":2},"end":{"line":14,"column":16}}},"fnMap":{"0":{"name":"(anonymous_0)","decl":{"start":{"line":1,"column":15},"end":{"line":1,"column":16}},"loc":{"start":{"line":1,"column":41},"end":{"line":15,"column":1}},"line":1},"1":{"name":"(anonymous_1)","decl":{"start":{"line":11,"column":21},"end":{"line":11,"column":22}},"loc":{"start":{"line":11,"column":39},"end":{"line":13,"column":3}},"line":11}},"branchMap":{},"s":{"0":1,"1":1,"2":1},"f":{"0":1,"1":1},"b":{},"_coverageSchema":"43e27e138ebf9cfc5966b082cf9a028302ed4184","hash":"c12b8dc7d3a46d26a6583622dcee78b95a348fce"}
,"/Users/niyomwungeri/MyApps/readIt/models/user.js": {"path":"/Users/niyomwungeri/MyApps/readIt/models/user.js","statementMap":{"0":{"start":{"line":3,"column":15},"end":{"line":22,"column":3}},"1":{"start":{"line":15,"column":25},"end":{"line":15,"column":177}},"2":{"start":{"line":16,"column":10},"end":{"line":18,"column":11}},"3":{"start":{"line":17,"column":12},"end":{"line":17,"column":53}},"4":{"start":{"line":23,"column":2},"end":{"line":25,"column":4}},"5":{"start":{"line":24,"column":4},"end":{"line":24,"column":72}},"6":{"start":{"line":26,"column":2},"end":{"line":26,"column":14}}},"fnMap":{"0":{"name":"(anonymous_0)","decl":{"start":{"line":2,"column":15},"end":{"line":2,"column":16}},"loc":{"start":{"line":2,"column":41},"end":{"line":27,"column":1}},"line":2},"1":{"name":"(anonymous_1)","decl":{"start":{"line":14,"column":8},"end":{"line":14,"column":9}},"loc":{"start":{"line":14,"column":21},"end":{"line":19,"column":9}},"line":14},"2":{"name":"(anonymous_2)","decl":{"start":{"line":23,"column":19},"end":{"line":23,"column":20}},"loc":{"start":{"line":23,"column":29},"end":{"line":25,"column":3}},"line":23}},"branchMap":{"0":{"loc":{"start":{"line":16,"column":10},"end":{"line":18,"column":11}},"type":"if","locations":[{"start":{"line":16,"column":10},"end":{"line":18,"column":11}},{"start":{"line":16,"column":10},"end":{"line":18,"column":11}}],"line":16}},"s":{"0":1,"1":0,"2":0,"3":0,"4":1,"5":1,"6":1},"f":{"0":1,"1":0,"2":1},"b":{"0":[0,0]},"_coverageSchema":"43e27e138ebf9cfc5966b082cf9a028302ed4184","hash":"c63ca36ccf070bbbe8c1e411de85ea30ee7a23ae"}
,"/Users/niyomwungeri/MyApps/readIt/routes/comments.js": {"path":"/Users/niyomwungeri/MyApps/readIt/routes/comments.js","statementMap":{"0":{"start":{"line":4,"column":23},"end":{"line":4,"column":31}},"1":{"start":{"line":6,"column":0},"end":{"line":6,"column":59}}},"fnMap":{},"branchMap":{},"s":{"0":1,"1":1},"f":{},"b":{},"_coverageSchema":"43e27e138ebf9cfc5966b082cf9a028302ed4184","hash":"8811aed6c61492302b7f436eeb71b822cd7e6906"}
,"/Users/niyomwungeri/MyApps/readIt/routes/index.js": {"path":"/Users/niyomwungeri/MyApps/readIt/routes/index.js","statementMap":{"0":{"start":{"line":7,"column":16},"end":{"line":7,"column":24}},"1":{"start":{"line":11,"column":0},"end":{"line":11,"column":54}}},"fnMap":{},"branchMap":{},"s":{"0":1,"1":1},"f":{},"b":{},"_coverageSchema":"43e27e138ebf9cfc5966b082cf9a028302ed4184","hash":"ef983fef2b9048ced9fa8f6c47e21f4579be586e"}
,"/Users/niyomwungeri/MyApps/readIt/routes/posts.js": {"path":"/Users/niyomwungeri/MyApps/readIt/routes/posts.js","statementMap":{"0":{"start":{"line":4,"column":20},"end":{"line":4,"column":28}},"1":{"start":{"line":6,"column":0},"end":{"line":6,"column":40}}},"fnMap":{},"branchMap":{},"s":{"0":1,"1":1},"f":{},"b":{},"_coverageSchema":"43e27e138ebf9cfc5966b082cf9a028302ed4184","hash":"bba32622420756ce1b2044a3ddd9fc2f3c7fbb27"}
,"/Users/niyomwungeri/MyApps/readIt/routes/user.js": {"path":"/Users/niyomwungeri/MyApps/readIt/routes/user.js","statementMap":{"0":{"start":{"line":4,"column":20},"end":{"line":4,"column":28}},"1":{"start":{"line":6,"column":0},"end":{"line":10,"column":34}}},"fnMap":{},"branchMap":{},"s":{"0":1,"1":1},"f":{},"b":{},"_coverageSchema":"43e27e138ebf9cfc5966b082cf9a028302ed4184","hash":"c7bd0d6788409a44538f62e90b8aea987a59e020"}
}
